[2024-04-24T02:32:27.339+0000] {manager.py:470} INFO - Processing files using up to 2 processes at a time 
[2024-04-24T02:32:27.340+0000] {manager.py:471} INFO - Process each file at most once every 30 seconds
[2024-04-24T02:32:27.340+0000] {manager.py:472} INFO - Checking for new files in /opt/airflow/dags/repo/dags every 300 seconds
[2024-04-24T02:32:27.340+0000] {manager.py:737} INFO - Searching for files in /opt/airflow/dags/repo/dags
[2024-04-24T02:32:27.341+0000] {manager.py:740} INFO - There are 0 files in /opt/airflow/dags/repo/dags
[2024-04-24T02:33:55.224+0000] {manager.py:452} INFO - Exiting gracefully upon receiving signal 15
[2024-04-24T02:43:11.629+0000] {manager.py:470} INFO - Processing files using up to 2 processes at a time 
[2024-04-24T02:43:11.629+0000] {manager.py:471} INFO - Process each file at most once every 30 seconds
[2024-04-24T02:43:11.629+0000] {manager.py:472} INFO - Checking for new files in /opt/airflow/dags/repo/dags every 300 seconds
[2024-04-24T02:43:11.630+0000] {manager.py:737} INFO - Searching for files in /opt/airflow/dags/repo/dags
[2024-04-24T02:43:11.630+0000] {manager.py:740} INFO - There are 1 files in /opt/airflow/dags/repo/dags
[2024-04-24T02:43:11.697+0000] {manager.py:878} INFO - 
================================================================================
DAG File Processing Stats

File Path                                      PID  Runtime      # DAGs    # Errors  Last Runtime    Last Run
-------------------------------------------  -----  ---------  --------  ----------  --------------  ----------
/opt/airflow/dags/repo/dags/parallel_dag.py    172  0.02s             0           0
================================================================================
[2024-04-24T02:43:41.829+0000] {manager.py:878} INFO - 
================================================================================
DAG File Processing Stats

File Path                                    PID    Runtime      # DAGs    # Errors  Last Runtime    Last Run
-------------------------------------------  -----  ---------  --------  ----------  --------------  -------------------
/opt/airflow/dags/repo/dags/parallel_dag.py                           1           0  0.22s           2024-04-24T02:43:11
================================================================================
[2024-04-24T02:43:49.147+0000] {manager.py:452} INFO - Exiting gracefully upon receiving signal 15
